0 info it worked if it ends with ok
1 verbose cli [ '/usr/bin/node', '/usr/bin/npm', 'start' ]
2 info using npm@3.5.2
3 info using node@v8.10.0
4 verbose run-script [ 'prestart', 'start', 'poststart' ]
5 info lifecycle Final-Project-Group22@1.0.0~prestart: Final-Project-Group22@1.0.0
6 verbose lifecycle Final-Project-Group22@1.0.0~prestart: unsafe-perm in lifecycle true
7 verbose lifecycle Final-Project-Group22@1.0.0~prestart: PATH: /usr/share/npm/bin/node-gyp-bin:/home/qwer/my_data/finalPJ/node_modules/.bin:/usr/local/sbin:/usr/local/bin:/usr/sbin:/usr/bin:/sbin:/bin:/usr/games:/usr/local/games:/mnt/c/Program Files/WindowsApps/CanonicalGroupLimited.Ubuntu18.04onWindows_1804.2019.522.0_x64__79rhkp1fndgsc:/mnt/c/Windows/System32:/mnt/c/Windows:/mnt/c/Windows/System32/wbem:/mnt/c/Windows/System32/WindowsPowerShell/v1.0:/mnt/c/Windows/System32/OpenSSH:/mnt/c/Program Files/NVIDIA Corporation/NVIDIA NvDLISR:/mnt/c/Program Files (x86)/NVIDIA Corporation/PhysX/Common:/mnt/e/GitHub/Git/cmd:/mnt/c/Program Files/dotnet:/mnt/c/Program Files/Microsoft SQL Server/130/Tools/Binn:/mnt/c/Users/XiaoMiAir/AppData/Local/Microsoft/WindowsApps:/mnt/c/Users/XiaoMiAir/AppData/Local/atom/bin:/snap/bin
8 verbose lifecycle Final-Project-Group22@1.0.0~prestart: CWD: /home/qwer/my_data/finalPJ
9 silly lifecycle Final-Project-Group22@1.0.0~prestart: Args: [ '-c', 'npm run build' ]
10 silly lifecycle Final-Project-Group22@1.0.0~prestart: Returned: code: 0  signal: null
11 info lifecycle Final-Project-Group22@1.0.0~start: Final-Project-Group22@1.0.0
12 verbose lifecycle Final-Project-Group22@1.0.0~start: unsafe-perm in lifecycle true
13 verbose lifecycle Final-Project-Group22@1.0.0~start: PATH: /usr/share/npm/bin/node-gyp-bin:/home/qwer/my_data/finalPJ/node_modules/.bin:/usr/local/sbin:/usr/local/bin:/usr/sbin:/usr/bin:/sbin:/bin:/usr/games:/usr/local/games:/mnt/c/Program Files/WindowsApps/CanonicalGroupLimited.Ubuntu18.04onWindows_1804.2019.522.0_x64__79rhkp1fndgsc:/mnt/c/Windows/System32:/mnt/c/Windows:/mnt/c/Windows/System32/wbem:/mnt/c/Windows/System32/WindowsPowerShell/v1.0:/mnt/c/Windows/System32/OpenSSH:/mnt/c/Program Files/NVIDIA Corporation/NVIDIA NvDLISR:/mnt/c/Program Files (x86)/NVIDIA Corporation/PhysX/Common:/mnt/e/GitHub/Git/cmd:/mnt/c/Program Files/dotnet:/mnt/c/Program Files/Microsoft SQL Server/130/Tools/Binn:/mnt/c/Users/XiaoMiAir/AppData/Local/Microsoft/WindowsApps:/mnt/c/Users/XiaoMiAir/AppData/Local/atom/bin:/snap/bin
14 verbose lifecycle Final-Project-Group22@1.0.0~start: CWD: /home/qwer/my_data/finalPJ
15 silly lifecycle Final-Project-Group22@1.0.0~start: Args: [ '-c', 'node server.js' ]
16 silly lifecycle Final-Project-Group22@1.0.0~start: Returned: code: 1  signal: null
17 info lifecycle Final-Project-Group22@1.0.0~start: Failed to exec start script
18 verbose stack Error: Final-Project-Group22@1.0.0 start: `node server.js`
18 verbose stack Exit status 1
18 verbose stack     at EventEmitter.<anonymous> (/usr/share/npm/lib/utils/lifecycle.js:232:16)
18 verbose stack     at emitTwo (events.js:126:13)
18 verbose stack     at EventEmitter.emit (events.js:214:7)
18 verbose stack     at ChildProcess.<anonymous> (/usr/share/npm/lib/utils/spawn.js:24:14)
18 verbose stack     at emitTwo (events.js:126:13)
18 verbose stack     at ChildProcess.emit (events.js:214:7)
18 verbose stack     at maybeClose (internal/child_process.js:925:16)
18 verbose stack     at Process.ChildProcess._handle.onexit (internal/child_process.js:209:5)
19 verbose pkgid Final-Project-Group22@1.0.0
20 verbose cwd /home/qwer/my_data/finalPJ/public
21 error Linux 4.4.0-17763-Microsoft
22 error argv "/usr/bin/node" "/usr/bin/npm" "start"
23 error node v8.10.0
24 error npm  v3.5.2
25 error code ELIFECYCLE
26 error Final-Project-Group22@1.0.0 start: `node server.js`
26 error Exit status 1
27 error Failed at the Final-Project-Group22@1.0.0 start script 'node server.js'.
27 error Make sure you have the latest version of node.js and npm installed.
27 error If you do, this is most likely a problem with the Final-Project-Group22 package,
27 error not with npm itself.
27 error Tell the author that this fails on your system:
27 error     node server.js
27 error You can get information on how to open an issue for this project with:
27 error     npm bugs Final-Project-Group22
27 error Or if that isn't available, you can get their info via:
27 error     npm owner ls Final-Project-Group22
27 error There is likely additional logging output above.
28 verbose exit [ 1, true ]
